{"C:\\Users\\Bigmo\\Revature\\2106RNCN-2-p2-be\\src\\handlers\\chirper-chirps.js": {"path":"C:\\Users\\Bigmo\\Revature\\2106RNCN-2-p2-be\\src\\handlers\\chirper-chirps.js","statementMap":{"0":{"start":{"line":1,"column":12},"end":{"line":1,"column":30}},"1":{"start":{"line":2,"column":17},"end":{"line":2,"column":52}},"2":{"start":{"line":3,"column":18},"end":{"line":3,"column":48}},"3":{"start":{"line":5,"column":20},"end":{"line":12,"column":1}},"4":{"start":{"line":14,"column":0},"end":{"line":16,"column":1}},"5":{"start":{"line":15,"column":2},"end":{"line":15,"column":33}},"6":{"start":{"line":18,"column":18},"end":{"line":18,"column":47}},"7":{"start":{"line":23,"column":0},"end":{"line":32,"column":2}},"8":{"start":{"line":24,"column":2},"end":{"line":24,"column":35}},"9":{"start":{"line":25,"column":2},"end":{"line":31,"column":3}},"10":{"start":{"line":26,"column":4},"end":{"line":26,"column":26}},"11":{"start":{"line":27,"column":9},"end":{"line":31,"column":3}},"12":{"start":{"line":28,"column":4},"end":{"line":28,"column":45}},"13":{"start":{"line":29,"column":9},"end":{"line":31,"column":3}},"14":{"start":{"line":30,"column":4},"end":{"line":30,"column":55}},"15":{"start":{"line":38,"column":15},"end":{"line":40,"column":3}},"16":{"start":{"line":41,"column":15},"end":{"line":41,"column":53}},"17":{"start":{"line":42,"column":16},"end":{"line":42,"column":26}},"18":{"start":{"line":43,"column":2},"end":{"line":43,"column":35}},"19":{"start":{"line":50,"column":17},"end":{"line":61,"column":3}},"20":{"start":{"line":62,"column":2},"end":{"line":62,"column":40}},"21":{"start":{"line":63,"column":2},"end":{"line":63,"column":61}},"22":{"start":{"line":70,"column":17},"end":{"line":76,"column":3}},"23":{"start":{"line":78,"column":2},"end":{"line":78,"column":43}},"24":{"start":{"line":79,"column":2},"end":{"line":79,"column":72}},"25":{"start":{"line":86,"column":2},"end":{"line":95,"column":3}}},"fnMap":{"0":{"name":"(anonymous_0)","decl":{"start":{"line":23,"column":31},"end":{"line":23,"column":32}},"loc":{"start":{"line":23,"column":48},"end":{"line":32,"column":1}},"line":23},"1":{"name":"getAllChirps","decl":{"start":{"line":37,"column":15},"end":{"line":37,"column":27}},"loc":{"start":{"line":37,"column":29},"end":{"line":44,"column":1}},"line":37},"2":{"name":"postChirp","decl":{"start":{"line":49,"column":15},"end":{"line":49,"column":24}},"loc":{"start":{"line":49,"column":31},"end":{"line":64,"column":1}},"line":49},"3":{"name":"deleteChirp","decl":{"start":{"line":69,"column":16},"end":{"line":69,"column":27}},"loc":{"start":{"line":69,"column":38},"end":{"line":80,"column":1}},"line":69},"4":{"name":"buildResponse","decl":{"start":{"line":85,"column":9},"end":{"line":85,"column":22}},"loc":{"start":{"line":85,"column":40},"end":{"line":96,"column":1}},"line":85}},"branchMap":{"0":{"loc":{"start":{"line":3,"column":18},"end":{"line":3,"column":48}},"type":"binary-expr","locations":[{"start":{"line":3,"column":18},"end":{"line":3,"column":35}},{"start":{"line":3,"column":39},"end":{"line":3,"column":48}}],"line":3},"1":{"loc":{"start":{"line":7,"column":6},"end":{"line":11,"column":3}},"type":"binary-expr","locations":[{"start":{"line":7,"column":6},"end":{"line":7,"column":40}},{"start":{"line":7,"column":44},"end":{"line":11,"column":3}}],"line":7},"2":{"loc":{"start":{"line":14,"column":0},"end":{"line":16,"column":1}},"type":"if","locations":[{"start":{"line":14,"column":0},"end":{"line":16,"column":1}},{"start":{"line":14,"column":0},"end":{"line":16,"column":1}}],"line":14},"3":{"loc":{"start":{"line":25,"column":2},"end":{"line":31,"column":3}},"type":"if","locations":[{"start":{"line":25,"column":2},"end":{"line":31,"column":3}},{"start":{"line":25,"column":2},"end":{"line":31,"column":3}}],"line":25},"4":{"loc":{"start":{"line":27,"column":9},"end":{"line":31,"column":3}},"type":"if","locations":[{"start":{"line":27,"column":9},"end":{"line":31,"column":3}},{"start":{"line":27,"column":9},"end":{"line":31,"column":3}}],"line":27},"5":{"loc":{"start":{"line":29,"column":9},"end":{"line":31,"column":3}},"type":"if","locations":[{"start":{"line":29,"column":9},"end":{"line":31,"column":3}},{"start":{"line":29,"column":9},"end":{"line":31,"column":3}}],"line":29}},"s":{"0":1,"1":1,"2":1,"3":1,"4":1,"5":1,"6":1,"7":1,"8":2,"9":2,"10":1,"11":1,"12":1,"13":0,"14":0,"15":1,"16":1,"17":1,"18":1,"19":1,"20":1,"21":1,"22":0,"23":0,"24":0,"25":2},"f":{"0":2,"1":1,"2":1,"3":0,"4":2},"b":{"0":[1,1],"1":[1,1],"2":[1,0],"3":[1,1],"4":[1,0],"5":[0,0]},"_coverageSchema":"1a1c01bbd47fc00a2c39e90264f33305004495a9","hash":"c4b955f1191aa0ec187e053aa4f960be6a172134"}
,"C:\\Users\\Bigmo\\Revature\\2106RNCN-2-p2-be\\src\\handlers\\chirper-comments.js": {"path":"C:\\Users\\Bigmo\\Revature\\2106RNCN-2-p2-be\\src\\handlers\\chirper-comments.js","statementMap":{"0":{"start":{"line":1,"column":17},"end":{"line":1,"column":52}},"1":{"start":{"line":2,"column":18},"end":{"line":2,"column":35}},"2":{"start":{"line":3,"column":18},"end":{"line":3,"column":47}},"3":{"start":{"line":5,"column":21},"end":{"line":5,"column":44}},"4":{"start":{"line":6,"column":26},"end":{"line":6,"column":64}},"5":{"start":{"line":11,"column":0},"end":{"line":20,"column":2}},"6":{"start":{"line":12,"column":2},"end":{"line":12,"column":35}},"7":{"start":{"line":13,"column":2},"end":{"line":19,"column":3}},"8":{"start":{"line":14,"column":4},"end":{"line":14,"column":79}},"9":{"start":{"line":15,"column":9},"end":{"line":19,"column":3}},"10":{"start":{"line":16,"column":4},"end":{"line":16,"column":92}},"11":{"start":{"line":17,"column":9},"end":{"line":19,"column":3}},"12":{"start":{"line":18,"column":4},"end":{"line":18,"column":55}},"13":{"start":{"line":26,"column":19},"end":{"line":33,"column":4}},"14":{"start":{"line":35,"column":17},"end":{"line":35,"column":60}},"15":{"start":{"line":36,"column":3},"end":{"line":36,"column":53}},"16":{"start":{"line":43,"column":19},"end":{"line":50,"column":4}},"17":{"start":{"line":52,"column":17},"end":{"line":52,"column":60}},"18":{"start":{"line":53,"column":3},"end":{"line":53,"column":51}},"19":{"start":{"line":60,"column":19},"end":{"line":68,"column":5}},"20":{"start":{"line":70,"column":4},"end":{"line":70,"column":45}},"21":{"start":{"line":71,"column":4},"end":{"line":71,"column":66}},"22":{"start":{"line":78,"column":21},"end":{"line":78,"column":48}},"23":{"start":{"line":79,"column":18},"end":{"line":79,"column":71}},"24":{"start":{"line":79,"column":42},"end":{"line":79,"column":70}},"25":{"start":{"line":81,"column":19},"end":{"line":88,"column":5}},"26":{"start":{"line":90,"column":4},"end":{"line":90,"column":45}},"27":{"start":{"line":91,"column":4},"end":{"line":91,"column":76}},"28":{"start":{"line":98,"column":4},"end":{"line":107,"column":5}}},"fnMap":{"0":{"name":"(anonymous_0)","decl":{"start":{"line":11,"column":33},"end":{"line":11,"column":34}},"loc":{"start":{"line":11,"column":50},"end":{"line":20,"column":1}},"line":11},"1":{"name":"getComments","decl":{"start":{"line":25,"column":16},"end":{"line":25,"column":27}},"loc":{"start":{"line":25,"column":38},"end":{"line":37,"column":1}},"line":25},"2":{"name":"getComment","decl":{"start":{"line":42,"column":15},"end":{"line":42,"column":25}},"loc":{"start":{"line":42,"column":36},"end":{"line":54,"column":1}},"line":42},"3":{"name":"postComment","decl":{"start":{"line":59,"column":15},"end":{"line":59,"column":26}},"loc":{"start":{"line":59,"column":46},"end":{"line":72,"column":1}},"line":59},"4":{"name":"deleteComment","decl":{"start":{"line":77,"column":15},"end":{"line":77,"column":28}},"loc":{"start":{"line":77,"column":53},"end":{"line":92,"column":1}},"line":77},"5":{"name":"(anonymous_5)","decl":{"start":{"line":79,"column":37},"end":{"line":79,"column":38}},"loc":{"start":{"line":79,"column":42},"end":{"line":79,"column":70}},"line":79},"6":{"name":"buildResponse","decl":{"start":{"line":97,"column":9},"end":{"line":97,"column":22}},"loc":{"start":{"line":97,"column":40},"end":{"line":108,"column":1}},"line":97}},"branchMap":{"0":{"loc":{"start":{"line":13,"column":2},"end":{"line":19,"column":3}},"type":"if","locations":[{"start":{"line":13,"column":2},"end":{"line":19,"column":3}},{"start":{"line":13,"column":2},"end":{"line":19,"column":3}}],"line":13},"1":{"loc":{"start":{"line":13,"column":6},"end":{"line":13,"column":67}},"type":"binary-expr","locations":[{"start":{"line":13,"column":6},"end":{"line":13,"column":32}},{"start":{"line":13,"column":36},"end":{"line":13,"column":67}}],"line":13},"2":{"loc":{"start":{"line":15,"column":9},"end":{"line":19,"column":3}},"type":"if","locations":[{"start":{"line":15,"column":9},"end":{"line":19,"column":3}},{"start":{"line":15,"column":9},"end":{"line":19,"column":3}}],"line":15},"3":{"loc":{"start":{"line":15,"column":13},"end":{"line":15,"column":82}},"type":"binary-expr","locations":[{"start":{"line":15,"column":13},"end":{"line":15,"column":42}},{"start":{"line":15,"column":46},"end":{"line":15,"column":82}}],"line":15},"4":{"loc":{"start":{"line":17,"column":9},"end":{"line":19,"column":3}},"type":"if","locations":[{"start":{"line":17,"column":9},"end":{"line":19,"column":3}},{"start":{"line":17,"column":9},"end":{"line":19,"column":3}}],"line":17},"5":{"loc":{"start":{"line":17,"column":13},"end":{"line":17,"column":74}},"type":"binary-expr","locations":[{"start":{"line":17,"column":13},"end":{"line":17,"column":39}},{"start":{"line":17,"column":43},"end":{"line":17,"column":74}}],"line":17}},"s":{"0":0,"1":0,"2":0,"3":0,"4":0,"5":0,"6":0,"7":0,"8":0,"9":0,"10":0,"11":0,"12":0,"13":0,"14":0,"15":0,"16":0,"17":0,"18":0,"19":0,"20":0,"21":0,"22":0,"23":0,"24":0,"25":0,"26":0,"27":0,"28":0},"f":{"0":0,"1":0,"2":0,"3":0,"4":0,"5":0,"6":0},"b":{"0":[0,0],"1":[0,0],"2":[0,0],"3":[0,0],"4":[0,0],"5":[0,0]}}
,"C:\\Users\\Bigmo\\Revature\\2106RNCN-2-p2-be\\src\\handlers\\chirper-likes.js": {"path":"C:\\Users\\Bigmo\\Revature\\2106RNCN-2-p2-be\\src\\handlers\\chirper-likes.js","statementMap":{"0":{"start":{"line":1,"column":17},"end":{"line":1,"column":52}},"1":{"start":{"line":2,"column":18},"end":{"line":2,"column":35}},"2":{"start":{"line":3,"column":18},"end":{"line":3,"column":47}},"3":{"start":{"line":5,"column":17},"end":{"line":5,"column":47}},"4":{"start":{"line":6,"column":19},"end":{"line":6,"column":51}},"5":{"start":{"line":11,"column":0},"end":{"line":18,"column":2}},"6":{"start":{"line":12,"column":2},"end":{"line":12,"column":35}},"7":{"start":{"line":13,"column":2},"end":{"line":17,"column":3}},"8":{"start":{"line":14,"column":4},"end":{"line":14,"column":84}},"9":{"start":{"line":15,"column":9},"end":{"line":17,"column":3}},"10":{"start":{"line":16,"column":4},"end":{"line":16,"column":86}},"11":{"start":{"line":24,"column":19},"end":{"line":32,"column":5}},"12":{"start":{"line":34,"column":4},"end":{"line":34,"column":45}},"13":{"start":{"line":35,"column":4},"end":{"line":35,"column":63}},"14":{"start":{"line":42,"column":19},"end":{"line":51,"column":6}},"15":{"start":{"line":53,"column":5},"end":{"line":53,"column":46}},"16":{"start":{"line":54,"column":5},"end":{"line":54,"column":66}},"17":{"start":{"line":61,"column":4},"end":{"line":70,"column":5}}},"fnMap":{"0":{"name":"(anonymous_0)","decl":{"start":{"line":11,"column":30},"end":{"line":11,"column":31}},"loc":{"start":{"line":11,"column":47},"end":{"line":18,"column":1}},"line":11},"1":{"name":"likeChirp","decl":{"start":{"line":23,"column":15},"end":{"line":23,"column":24}},"loc":{"start":{"line":23,"column":45},"end":{"line":36,"column":1}},"line":23},"2":{"name":"unlikeChirp","decl":{"start":{"line":41,"column":15},"end":{"line":41,"column":26}},"loc":{"start":{"line":41,"column":47},"end":{"line":55,"column":2}},"line":41},"3":{"name":"buildResponse","decl":{"start":{"line":60,"column":10},"end":{"line":60,"column":23}},"loc":{"start":{"line":60,"column":41},"end":{"line":71,"column":1}},"line":60}},"branchMap":{"0":{"loc":{"start":{"line":13,"column":2},"end":{"line":17,"column":3}},"type":"if","locations":[{"start":{"line":13,"column":2},"end":{"line":17,"column":3}},{"start":{"line":13,"column":2},"end":{"line":17,"column":3}}],"line":13},"1":{"loc":{"start":{"line":13,"column":6},"end":{"line":13,"column":63}},"type":"binary-expr","locations":[{"start":{"line":13,"column":6},"end":{"line":13,"column":32}},{"start":{"line":13,"column":36},"end":{"line":13,"column":63}}],"line":13},"2":{"loc":{"start":{"line":15,"column":9},"end":{"line":17,"column":3}},"type":"if","locations":[{"start":{"line":15,"column":9},"end":{"line":17,"column":3}},{"start":{"line":15,"column":9},"end":{"line":17,"column":3}}],"line":15},"3":{"loc":{"start":{"line":15,"column":13},"end":{"line":15,"column":72}},"type":"binary-expr","locations":[{"start":{"line":15,"column":13},"end":{"line":15,"column":39}},{"start":{"line":15,"column":43},"end":{"line":15,"column":72}}],"line":15}},"s":{"0":0,"1":0,"2":0,"3":0,"4":0,"5":0,"6":0,"7":0,"8":0,"9":0,"10":0,"11":0,"12":0,"13":0,"14":0,"15":0,"16":0,"17":0},"f":{"0":0,"1":0,"2":0,"3":0},"b":{"0":[0,0],"1":[0,0],"2":[0,0],"3":[0,0]}}
}
