TN:
SF:src\handlers\chirper-chirps.js
FN:23,(anonymous_0)
FN:37,getAllChirps
FN:49,postChirp
FN:69,deleteChirp
FN:85,buildResponse
FNF:5
FNH:4
FNDA:2,(anonymous_0)
FNDA:1,getAllChirps
FNDA:1,postChirp
FNDA:0,deleteChirp
FNDA:2,buildResponse
DA:1,1
DA:2,1
DA:3,1
DA:5,1
DA:14,1
DA:15,1
DA:18,1
DA:23,1
DA:24,2
DA:25,2
DA:26,1
DA:27,1
DA:28,1
DA:29,0
DA:30,0
DA:38,1
DA:41,1
DA:42,1
DA:43,1
DA:50,1
DA:62,1
DA:63,1
DA:70,0
DA:78,0
DA:79,0
DA:86,2
LF:26
LH:21
BRDA:3,0,0,1
BRDA:3,0,1,1
BRDA:7,1,0,1
BRDA:7,1,1,1
BRDA:14,2,0,1
BRDA:14,2,1,0
BRDA:25,3,0,1
BRDA:25,3,1,1
BRDA:27,4,0,1
BRDA:27,4,1,0
BRDA:29,5,0,0
BRDA:29,5,1,0
BRF:12
BRH:8
end_of_record
TN:
SF:src\handlers\chirper-comments.js
FN:11,(anonymous_0)
FN:25,getComments
FN:42,getComment
FN:59,postComment
FN:77,deleteComment
FN:79,(anonymous_5)
FN:97,buildResponse
FNF:7
FNH:0
FNDA:0,(anonymous_0)
FNDA:0,getComments
FNDA:0,getComment
FNDA:0,postComment
FNDA:0,deleteComment
FNDA:0,(anonymous_5)
FNDA:0,buildResponse
DA:1,0
DA:2,0
DA:3,0
DA:5,0
DA:6,0
DA:11,0
DA:12,0
DA:13,0
DA:14,0
DA:15,0
DA:16,0
DA:17,0
DA:18,0
DA:26,0
DA:35,0
DA:36,0
DA:43,0
DA:52,0
DA:53,0
DA:60,0
DA:70,0
DA:71,0
DA:78,0
DA:79,0
DA:81,0
DA:90,0
DA:91,0
DA:98,0
LF:28
LH:0
BRDA:13,0,0,0
BRDA:13,0,1,0
BRDA:13,1,0,0
BRDA:13,1,1,0
BRDA:15,2,0,0
BRDA:15,2,1,0
BRDA:15,3,0,0
BRDA:15,3,1,0
BRDA:17,4,0,0
BRDA:17,4,1,0
BRDA:17,5,0,0
BRDA:17,5,1,0
BRF:12
BRH:0
end_of_record
TN:
SF:src\handlers\chirper-likes.js
FN:11,(anonymous_0)
FN:23,likeChirp
FN:41,unlikeChirp
FN:60,buildResponse
FNF:4
FNH:0
FNDA:0,(anonymous_0)
FNDA:0,likeChirp
FNDA:0,unlikeChirp
FNDA:0,buildResponse
DA:1,0
DA:2,0
DA:3,0
DA:5,0
DA:6,0
DA:11,0
DA:12,0
DA:13,0
DA:14,0
DA:15,0
DA:16,0
DA:24,0
DA:34,0
DA:35,0
DA:42,0
DA:53,0
DA:54,0
DA:61,0
LF:18
LH:0
BRDA:13,0,0,0
BRDA:13,0,1,0
BRDA:13,1,0,0
BRDA:13,1,1,0
BRDA:15,2,0,0
BRDA:15,2,1,0
BRDA:15,3,0,0
BRDA:15,3,1,0
BRF:8
BRH:0
end_of_record
